
=== Fri Apr  1 12:27:43 2022

Packages were changed.
Update Mode: updateDependencies

The following packages were updated:
  com.unity.cinemachine from version 2.8.2 to 2.8.4
  com.unity.ide.rider from version 3.0.7 to 3.0.12
  com.unity.ide.visualstudio from version 2.0.12 to 2.0.14
  com.unity.inputsystem from version 1.1.1 to 1.3.0
  com.unity.postprocessing from version 3.1.1 to 3.2.1
  com.unity.render-pipelines.universal from version 12.1.1 to 12.1.6
  com.unity.test-framework from version 1.1.29 to 1.1.31

=== Fri May 13 22:31:00 2022

Packages were changed.
Update Mode: updateDependencies

The following packages were updated:
  com.unity.ide.rider from version 3.0.12 to 3.0.13

=== Wed Feb  8 00:40:06 2023

Packages were changed.
Update Mode: updateDependencies

The following packages were updated:
  com.unity.burst from version 1.7.0-pre.1 to 1.7.4
  com.unity.ide.visualstudio from version 2.0.15 to 2.0.16
  com.unity.postprocessing from version 3.2.1 to 3.2.2
  com.unity.render-pipelines.universal from version 12.1.6 to 13.1.8
  com.unity.test-framework from version 1.1.31 to 1.1.33
